2024-04-28 12:40:59.217 [info] Experiment 'pythonRecommendTensorboardExt' is active
2024-04-28 12:40:59.217 [info] Experiment 'pythonREPLSmartSend' is active
2024-04-28 12:40:59.217 [info] Experiment 'pythonTerminalEnvVarActivation' is active
2024-04-28 12:40:59.217 [info] Experiment 'pythonTestAdapter' is active
2024-04-28 12:40:59.297 [info] Default formatter is set to null for workspace /home/angel/PyCharm
2024-04-28 12:40:59.318 [info] Test server listening.
2024-04-28 12:40:59.323 [info] Python interpreter path: /bin/python
2024-04-28 12:40:59.433 [info] > pyenv which python
2024-04-28 12:40:59.433 [info] cwd: .
2024-04-28 12:41:00.809 [info] Starting Pylance language server.
2024-04-28 12:41:08.291 [info] Send text to terminal:  /bin/python /home/angel/.vscode/extensions/ms-python.debugpy-2024.4.0-linux-x64/bundled/libs/debugpy/adapter/../../debugpy/launcher 42481 -- /home/angel/PyCharm/imperva\ reports/main.py 
2024-04-28 12:48:11.280 [info] Discover tests for workspace name: PyCharm - uri: /home/angel/PyCharm/imperva reports/main.py
2024-04-28 12:48:20.109 [info] Discover tests for workspace name: PyCharm - uri: /home/angel/PyCharm/imperva reports/main.py
2024-04-28 12:48:24.191 [info] Discover tests for workspace name: PyCharm - uri: /home/angel/PyCharm/imperva reports/main.py
2024-04-28 12:48:25.319 [info] Send text to terminal: 
2024-04-28 12:48:25.319 [info] Send text to terminal:  cd /home/angel/PyCharm ; /bin/python /home/angel/.vscode/extensions/ms-python.debugpy-2024.4.0-linux-x64/bundled/libs/debugpy/adapter/../../debugpy/launcher 37157 -- /home/angel/PyCharm/imperva\ reports/main.py 
2024-04-28 12:57:19.766 [info] Discover tests for workspace name: PyCharm - uri: /home/angel/PyCharm/imperva_reports/main.py
2024-04-28 13:20:59.019 [info] Discover tests for workspace name: PyCharm - uri: /home/angel/PyCharm/imperva_reports/main.py
2024-04-28 13:23:41.359 [info] Discover tests for workspace name: PyCharm - uri: /home/angel/PyCharm/imperva_reports/main.py
2024-04-28 13:24:34.936 [info] Discover tests for workspace name: PyCharm - uri: /home/angel/PyCharm/imperva_reports/main.py
