2024-05-08 16:16:56.143 [info] Log level: Info
2024-05-08 16:16:56.143 [info] Validating found git in: "git"
2024-05-08 16:16:56.143 [info] Using git "2.45.0" from "git"
2024-05-08 16:16:56.143 [info] > git rev-parse --show-toplevel [1ms]
2024-05-08 16:16:56.143 [info] fatal: not a git repository (or any parent up to mount point /)
Stopping at filesystem boundary (GIT_DISCOVERY_ACROSS_FILESYSTEM not set).
2024-05-08 16:17:05.042 [info] Log level: Info
2024-05-08 16:17:05.042 [info] Validating found git in: "git"
2024-05-08 16:17:05.042 [info] Using git "2.45.0" from "git"
2024-05-08 16:17:05.042 [info] > git rev-parse --show-toplevel [3ms]
2024-05-08 16:17:05.042 [info] fatal: not a git repository (or any parent up to mount point /)
Stopping at filesystem boundary (GIT_DISCOVERY_ACROSS_FILESYSTEM not set).
2024-05-08 16:17:05.046 [info] > git rev-parse --show-toplevel [1ms]
2024-05-08 16:17:05.046 [info] fatal: not a git repository (or any parent up to mount point /)
Stopping at filesystem boundary (GIT_DISCOVERY_ACROSS_FILESYSTEM not set).
2024-05-08 16:17:05.051 [info] > git rev-parse --show-toplevel [2ms]
2024-05-08 16:17:05.051 [info] fatal: not a git repository (or any parent up to mount point /)
Stopping at filesystem boundary (GIT_DISCOVERY_ACROSS_FILESYSTEM not set).
2024-05-08 16:17:05.057 [info] > git rev-parse --show-toplevel [2ms]
2024-05-08 16:17:05.057 [info] fatal: not a git repository (or any parent up to mount point /)
Stopping at filesystem boundary (GIT_DISCOVERY_ACROSS_FILESYSTEM not set).
2024-05-08 16:17:05.063 [info] > git rev-parse --show-toplevel [2ms]
2024-05-08 16:17:05.063 [info] fatal: not a git repository (or any parent up to mount point /)
Stopping at filesystem boundary (GIT_DISCOVERY_ACROSS_FILESYSTEM not set).
2024-05-08 16:17:05.068 [info] > git rev-parse --show-toplevel [2ms]
2024-05-08 16:17:05.068 [info] fatal: not a git repository (or any parent up to mount point /)
Stopping at filesystem boundary (GIT_DISCOVERY_ACROSS_FILESYSTEM not set).
2024-05-08 16:17:05.072 [info] > git rev-parse --show-toplevel [1ms]
2024-05-08 16:17:05.072 [info] fatal: not a git repository (or any parent up to mount point /)
Stopping at filesystem boundary (GIT_DISCOVERY_ACROSS_FILESYSTEM not set).
2024-05-08 16:17:05.078 [info] > git rev-parse --show-toplevel [2ms]
2024-05-08 16:17:05.078 [info] fatal: not a git repository (or any parent up to mount point /)
Stopping at filesystem boundary (GIT_DISCOVERY_ACROSS_FILESYSTEM not set).
2024-05-08 16:17:05.130 [info] > git rev-parse --show-toplevel [49ms]
2024-05-08 16:17:05.130 [info] fatal: not a git repository (or any parent up to mount point /)
Stopping at filesystem boundary (GIT_DISCOVERY_ACROSS_FILESYSTEM not set).
2024-05-08 16:17:05.172 [info] > git rev-parse --show-toplevel [32ms]
2024-05-08 16:17:05.172 [info] fatal: not a git repository (or any parent up to mount point /)
Stopping at filesystem boundary (GIT_DISCOVERY_ACROSS_FILESYSTEM not set).
2024-05-08 16:17:05.187 [info] > git rev-parse --show-toplevel [2ms]
2024-05-08 16:17:05.187 [info] fatal: not a git repository (or any parent up to mount point /)
Stopping at filesystem boundary (GIT_DISCOVERY_ACROSS_FILESYSTEM not set).
2024-05-08 16:17:05.194 [info] > git rev-parse --show-toplevel [1ms]
2024-05-08 16:17:05.194 [info] fatal: not a git repository (or any parent up to mount point /)
Stopping at filesystem boundary (GIT_DISCOVERY_ACROSS_FILESYSTEM not set).
2024-05-08 16:17:05.199 [info] > git rev-parse --show-toplevel [2ms]
2024-05-08 16:17:05.199 [info] fatal: not a git repository (or any parent up to mount point /)
Stopping at filesystem boundary (GIT_DISCOVERY_ACROSS_FILESYSTEM not set).
2024-05-08 16:17:05.203 [info] > git rev-parse --show-toplevel [1ms]
2024-05-08 16:17:05.203 [info] fatal: not a git repository (or any parent up to mount point /)
Stopping at filesystem boundary (GIT_DISCOVERY_ACROSS_FILESYSTEM not set).
2024-05-08 16:17:05.207 [info] > git rev-parse --show-toplevel [1ms]
2024-05-08 16:17:05.207 [info] fatal: not a git repository (or any parent up to mount point /)
Stopping at filesystem boundary (GIT_DISCOVERY_ACROSS_FILESYSTEM not set).
