2024-04-25 10:08:04.931 [info] Log level: Info
2024-04-25 10:08:04.931 [info] Validating found git in: "git"
2024-04-25 10:08:04.931 [info] Using git "2.44.0" from "git"
2024-04-25 10:08:04.931 [info] > git rev-parse --show-toplevel [16ms]
2024-04-25 10:08:04.931 [info] fatal: not a git repository (or any parent up to mount point /)
Stopping at filesystem boundary (GIT_DISCOVERY_ACROSS_FILESYSTEM not set).
2024-04-25 10:08:04.931 [info] > git rev-parse --show-toplevel [4ms]
2024-04-25 10:08:04.931 [info] fatal: not a git repository (or any parent up to mount point /)
Stopping at filesystem boundary (GIT_DISCOVERY_ACROSS_FILESYSTEM not set).
2024-04-25 10:08:04.933 [info] > git rev-parse --show-toplevel [3ms]
2024-04-25 10:08:04.933 [info] fatal: not a git repository (or any parent up to mount point /)
Stopping at filesystem boundary (GIT_DISCOVERY_ACROSS_FILESYSTEM not set).
2024-04-25 10:08:05.253 [info] > git rev-parse --show-toplevel [258ms]
2024-04-25 10:08:05.253 [info] fatal: not a git repository (or any parent up to mount point /run/user/1000)
Stopping at filesystem boundary (GIT_DISCOVERY_ACROSS_FILESYSTEM not set).
2024-04-25 10:08:05.277 [info] > git rev-parse --show-toplevel [2ms]
2024-04-25 10:08:05.277 [info] fatal: not a git repository (or any parent up to mount point /)
Stopping at filesystem boundary (GIT_DISCOVERY_ACROSS_FILESYSTEM not set).
2024-04-25 10:08:05.284 [info] > git rev-parse --show-toplevel [2ms]
2024-04-25 10:08:05.284 [info] fatal: not a git repository (or any parent up to mount point /)
Stopping at filesystem boundary (GIT_DISCOVERY_ACROSS_FILESYSTEM not set).
2024-04-25 10:08:05.289 [info] > git rev-parse --show-toplevel [1ms]
2024-04-25 10:08:05.289 [info] fatal: not a git repository (or any parent up to mount point /)
Stopping at filesystem boundary (GIT_DISCOVERY_ACROSS_FILESYSTEM not set).
2024-04-25 10:08:05.296 [info] > git rev-parse --show-toplevel [1ms]
2024-04-25 10:08:05.296 [info] fatal: not a git repository (or any parent up to mount point /)
Stopping at filesystem boundary (GIT_DISCOVERY_ACROSS_FILESYSTEM not set).
2024-04-25 10:08:05.301 [info] > git rev-parse --show-toplevel [2ms]
2024-04-25 10:08:05.301 [info] fatal: not a git repository (or any parent up to mount point /)
Stopping at filesystem boundary (GIT_DISCOVERY_ACROSS_FILESYSTEM not set).
2024-04-25 10:08:05.305 [info] > git rev-parse --show-toplevel [1ms]
2024-04-25 10:08:05.305 [info] fatal: not a git repository (or any parent up to mount point /)
Stopping at filesystem boundary (GIT_DISCOVERY_ACROSS_FILESYSTEM not set).
2024-04-25 10:08:05.309 [info] > git rev-parse --show-toplevel [1ms]
2024-04-25 10:08:05.309 [info] fatal: not a git repository (or any parent up to mount point /)
Stopping at filesystem boundary (GIT_DISCOVERY_ACROSS_FILESYSTEM not set).
2024-04-25 10:08:05.317 [info] > git rev-parse --show-toplevel [4ms]
2024-04-25 10:08:05.317 [info] fatal: not a git repository (or any parent up to mount point /)
Stopping at filesystem boundary (GIT_DISCOVERY_ACROSS_FILESYSTEM not set).
2024-04-25 10:08:05.322 [info] > git rev-parse --show-toplevel [2ms]
2024-04-25 10:08:05.322 [info] fatal: not a git repository (or any parent up to mount point /)
Stopping at filesystem boundary (GIT_DISCOVERY_ACROSS_FILESYSTEM not set).
2024-04-25 10:08:05.326 [info] > git rev-parse --show-toplevel [1ms]
2024-04-25 10:08:05.326 [info] fatal: not a git repository (or any parent up to mount point /)
Stopping at filesystem boundary (GIT_DISCOVERY_ACROSS_FILESYSTEM not set).
2024-04-25 10:08:05.991 [info] > git rev-parse --show-toplevel [1ms]
2024-04-25 10:08:05.991 [info] fatal: not a git repository (or any parent up to mount point /)
Stopping at filesystem boundary (GIT_DISCOVERY_ACROSS_FILESYSTEM not set).
2024-04-25 10:08:05.997 [info] > git rev-parse --show-toplevel [2ms]
2024-04-25 10:08:05.997 [info] fatal: not a git repository (or any parent up to mount point /)
Stopping at filesystem boundary (GIT_DISCOVERY_ACROSS_FILESYSTEM not set).
2024-04-25 10:08:06.003 [info] > git rev-parse --show-toplevel [2ms]
2024-04-25 10:08:06.003 [info] fatal: not a git repository (or any parent up to mount point /)
Stopping at filesystem boundary (GIT_DISCOVERY_ACROSS_FILESYSTEM not set).
