2024-04-28 10:24:44.891 [info] (Client) Pylance async client (2024.4.1) started with python extension (2024.4.1)
2024-04-28 10:24:45.404 [info] [Info  - 10:24:45 AM] (31739) Pylance language server 2024.4.1 (pyright version 1.1.356, commit 6652c4a8) starting
2024-04-28 10:24:45.404 [info] [Info  - 10:24:45 AM] (31739) Server root directory: file:///home/angel/.vscode/extensions/ms-python.vscode-pylance-2024.4.1/dist
2024-04-28 10:24:45.408 [info] [Info  - 10:24:45 AM] (31739) Starting service instance "imperva reports"
2024-04-28 10:24:45.412 [info] [Info  - 10:24:45 AM] (31739) Starting service instance "mcdonalds report"
2024-04-28 10:24:45.413 [info] [Info  - 10:24:45 AM] (31739) Starting service instance "meshulam report"
2024-04-28 10:24:45.472 [info] [Info  - 10:24:45 AM] (31739) Setting pythonPath for service "imperva reports": "/bin/python"
2024-04-28 10:24:45.472 [info] [Info  - 10:24:45 AM] (31739) Setting environmentName for service "imperva reports": "3.12.2 (global)"
2024-04-28 10:24:45.509 [info] [Info  - 10:24:45 AM] (31739) Assuming Python version 3.12.2.final.0
2024-04-28 10:24:45.556 [info] [Info  - 10:24:45 AM] (31739) Found 1 source file
2024-04-28 10:24:45.559 [info] [Info  - 10:24:45 AM] (31739) Setting pythonPath for service "mcdonalds report": "/bin/python"
2024-04-28 10:24:45.559 [info] [Info  - 10:24:45 AM] (31739) Setting environmentName for service "mcdonalds report": "3.12.2 (global)"
2024-04-28 10:24:45.587 [info] [Info  - 10:24:45 AM] (31739) Assuming Python version 3.12.2.final.0
2024-04-28 10:24:45.655 [info] [Info  - 10:24:45 AM] (31739) Found 1 source file
2024-04-28 10:24:45.664 [info] [Info  - 10:24:45 AM] (31739) Setting pythonPath for service "meshulam report": "/bin/python"
2024-04-28 10:24:45.664 [info] [Info  - 10:24:45 AM] (31739) Setting environmentName for service "meshulam report": "3.12.2 (global)"
2024-04-28 10:24:45.703 [info] [Info  - 10:24:45 AM] (31739) Assuming Python version 3.12.2.final.0
2024-04-28 10:24:45.786 [info] [Info  - 10:24:45 AM] (31739) Found 1 source file
2024-04-28 10:24:46.134 [info] [Info  - 10:24:46 AM] (31739) Background analysis(2) root directory: file:///home/angel/.vscode/extensions/ms-python.vscode-pylance-2024.4.1/dist
2024-04-28 10:24:46.134 [info] [Info  - 10:24:46 AM] (31739) Background analysis(2) started
2024-04-28 10:24:46.150 [info] [Info  - 10:24:46 AM] (31739) Background analysis(3) root directory: file:///home/angel/.vscode/extensions/ms-python.vscode-pylance-2024.4.1/dist
2024-04-28 10:24:46.150 [info] [Info  - 10:24:46 AM] (31739) Background analysis(1) root directory: file:///home/angel/.vscode/extensions/ms-python.vscode-pylance-2024.4.1/dist
2024-04-28 10:24:46.158 [info] [Info  - 10:24:46 AM] (31739) Background analysis(1) started
2024-04-28 10:24:46.159 [info] [Info  - 10:24:46 AM] (31739) Background analysis(3) started
2024-04-28 10:24:46.687 [info] [Info  - 10:24:46 AM] (31739) Indexer background runner(4) root directory: file:///home/angel/.vscode/extensions/ms-python.vscode-pylance-2024.4.1/dist (index)
2024-04-28 10:24:46.687 [info] [Info  - 10:24:46 AM] (31739) Indexing(4) started
2024-04-28 10:24:47.273 [info] [Info  - 10:24:47 AM] (31739) scanned(4) 233 files over 1 exec env
2024-04-28 10:24:48.065 [info] [Info  - 10:24:48 AM] (31739) indexed(4) 134 files over 1 exec env
2024-04-28 10:24:48.186 [info] [Info  - 10:24:48 AM] (31739) Indexing finished(4).
