2024-05-08 16:16:55.565 [info] Added views:workbench.panel.markers.view in workbench.panel.markers
2024-05-08 16:16:55.565 [info] Added views:workbench.panel.output in workbench.panel.output
2024-05-08 16:16:55.565 [info] Added views:terminal in terminal
2024-05-08 16:16:55.565 [info] Added views:outline in workbench.view.explorer
2024-05-08 16:16:55.565 [info] Added views:workbench.scm in workbench.view.scm
2024-05-08 16:16:55.565 [info] Added views:workbench.view.search in workbench.view.search
2024-05-08 16:16:55.565 [info] Added views:timeline in workbench.view.explorer
2024-05-08 16:16:55.565 [info] Added views:workbench.explorer.emptyView in workbench.view.explorer
2024-05-08 16:16:55.724 [info] Added views:workbench.debug.welcome in workbench.view.debug
2024-05-08 16:16:55.855 [info] Added views:remoteTargets in workbench.view.remote
2024-05-08 16:16:56.044 [info] Added views:workbench.panel.repl.view in workbench.panel.repl
2024-05-08 16:16:56.125 [info] Added views:~remote.forwardedPorts in ~remote.forwardedPortsContainer
2024-05-08 16:17:04.550 [info] Added views:workbench.panel.markers.view in workbench.panel.markers
2024-05-08 16:17:04.550 [info] Added views:workbench.panel.output in workbench.panel.output
2024-05-08 16:17:04.550 [info] Added views:terminal in terminal
2024-05-08 16:17:04.550 [info] Added views:outline in workbench.view.explorer
2024-05-08 16:17:04.550 [info] Added views:workbench.scm in workbench.view.scm
2024-05-08 16:17:04.550 [info] Added views:workbench.view.search in workbench.view.search
2024-05-08 16:17:04.550 [info] Added views:timeline in workbench.view.explorer
2024-05-08 16:17:04.550 [info] Added views:workbench.explorer.fileView in workbench.view.explorer
2024-05-08 16:17:04.800 [info] Added views:remoteTargets in workbench.view.remote
2024-05-08 16:17:04.942 [info] Added views:workbench.debug.variablesView,workbench.debug.watchExpressionsView,workbench.debug.callStackView,workbench.debug.breakPointsView in workbench.view.debug
2024-05-08 16:17:04.971 [info] Added views:workbench.panel.repl.view in workbench.panel.repl
2024-05-08 16:17:04.971 [info] Removed views:workbench.debug.breakPointsView,workbench.debug.callStackView,workbench.debug.watchExpressionsView,workbench.debug.variablesView from workbench.view.debug
2024-05-08 16:17:04.971 [info] Added views:workbench.debug.welcome in workbench.view.debug
2024-05-08 16:17:05.163 [info] Added views:~remote.forwardedPorts in ~remote.forwardedPortsContainer
