2024-04-28 10:24:44.414 [info] Log level: Info
2024-04-28 10:24:44.414 [info] Validating found git in: "git"
2024-04-28 10:24:44.414 [info] Using git "2.44.0" from "git"
2024-04-28 10:24:44.414 [info] > git rev-parse --show-toplevel [2ms]
2024-04-28 10:24:44.414 [info] fatal: not a git repository (or any parent up to mount point /)
Stopping at filesystem boundary (GIT_DISCOVERY_ACROSS_FILESYSTEM not set).
2024-04-28 10:24:44.414 [info] > git rev-parse --show-toplevel [1ms]
2024-04-28 10:24:44.414 [info] fatal: not a git repository (or any parent up to mount point /)
Stopping at filesystem boundary (GIT_DISCOVERY_ACROSS_FILESYSTEM not set).
2024-04-28 10:24:44.418 [info] > git rev-parse --show-toplevel [1ms]
2024-04-28 10:24:44.418 [info] fatal: not a git repository (or any parent up to mount point /)
Stopping at filesystem boundary (GIT_DISCOVERY_ACROSS_FILESYSTEM not set).
2024-04-28 10:24:44.423 [info] > git rev-parse --show-toplevel [1ms]
2024-04-28 10:24:44.423 [info] fatal: not a git repository (or any parent up to mount point /)
Stopping at filesystem boundary (GIT_DISCOVERY_ACROSS_FILESYSTEM not set).
2024-04-28 10:24:44.469 [info] > git rev-parse --show-toplevel [44ms]
2024-04-28 10:24:44.469 [info] fatal: not a git repository (or any parent up to mount point /)
Stopping at filesystem boundary (GIT_DISCOVERY_ACROSS_FILESYSTEM not set).
2024-04-28 10:24:44.513 [info] > git rev-parse --show-toplevel [2ms]
2024-04-28 10:24:44.513 [info] fatal: not a git repository (or any parent up to mount point /)
Stopping at filesystem boundary (GIT_DISCOVERY_ACROSS_FILESYSTEM not set).
