2024-05-08 16:16:56.115 [warning] [remote-ssh]: Couldn't find message for key setting.usseExecServer.description.
2024-05-08 16:16:56.133 [warning] [remote-ssh]: Couldn't find message for key setting.usseExecServer.description.
2024-05-08 16:16:56.175 [warning] [remote-ssh]: Couldn't find message for key setting.usseExecServer.description.
2024-05-08 16:16:56.191 [warning] [remote-ssh]: Couldn't find message for key setting.usseExecServer.description.
2024-05-08 16:16:56.206 [warning] [remote-ssh]: Couldn't find message for key setting.usseExecServer.description.
2024-05-08 16:16:56.221 [warning] [remote-ssh]: Couldn't find message for key setting.usseExecServer.description.
2024-05-08 16:16:56.237 [warning] [remote-ssh]: Couldn't find message for key setting.usseExecServer.description.
2024-05-08 16:16:56.409 [warning] [remote-ssh]: Couldn't find message for key setting.usseExecServer.description.
2024-05-08 16:16:56.530 [info] Deleted uninstalled extension from disk ms-python.debugpy /home/angel/.vscode/extensions/ms-python.debugpy-2024.4.0-linux-x64
2024-05-08 16:16:56.556 [warning] [remote-ssh]: Couldn't find message for key setting.usseExecServer.description.
2024-05-08 16:16:56.563 [warning] [remote-ssh]: Couldn't find message for key setting.usseExecServer.description.
2024-05-08 16:16:56.585 [warning] [remote-ssh]: Couldn't find message for key setting.usseExecServer.description.
2024-05-08 16:16:56.593 [warning] [remote-ssh]: Couldn't find message for key setting.usseExecServer.description.
2024-05-08 16:16:56.613 [warning] [remote-ssh]: Couldn't find message for key setting.usseExecServer.description.
2024-05-08 16:16:56.647 [info] Deleted uninstalled extension from disk ms-python.python /home/angel/.vscode/extensions/ms-python.python-2024.4.1
2024-05-08 16:16:56.695 [warning] [remote-ssh]: Couldn't find message for key setting.usseExecServer.description.
2024-05-08 16:16:56.757 [warning] [remote-ssh]: Couldn't find message for key setting.usseExecServer.description.
2024-05-08 16:16:56.814 [warning] [remote-ssh]: Couldn't find message for key setting.usseExecServer.description.
2024-05-08 16:16:58.213 [warning] [remote-ssh]: Couldn't find message for key setting.usseExecServer.description.
2024-05-08 16:16:58.250 [warning] [remote-ssh]: Couldn't find message for key setting.usseExecServer.description.
2024-05-08 16:16:58.289 [warning] [remote-ssh]: Couldn't find message for key setting.usseExecServer.description.
2024-05-08 16:16:58.963 [warning] [remote-ssh]: Couldn't find message for key setting.usseExecServer.description.
2024-05-08 16:16:59.017 [warning] [remote-ssh]: Couldn't find message for key setting.usseExecServer.description.
2024-05-08 16:17:01.214 [info] Getting Manifest... ms-python.vscode-pylance
2024-05-08 16:17:01.606 [info] Installing extension: ms-python.vscode-pylance
2024-05-08 16:17:01.638 [warning] [remote-ssh]: Couldn't find message for key setting.usseExecServer.description.
2024-05-08 16:17:02.154 [info] Getting Manifest... ms-python.python
2024-05-08 16:17:02.205 [warning] [remote-ssh]: Couldn't find message for key setting.usseExecServer.description.
2024-05-08 16:17:02.239 [warning] [remote-ssh]: Couldn't find message for key setting.usseExecServer.description.
2024-05-08 16:17:04.741 [warning] [remote-ssh]: Couldn't find message for key setting.usseExecServer.description.
2024-05-08 16:17:04.748 [warning] [remote-ssh]: Couldn't find message for key setting.usseExecServer.description.
2024-05-08 16:17:04.840 [warning] [remote-ssh]: Couldn't find message for key setting.usseExecServer.description.
2024-05-08 16:17:04.915 [warning] [remote-ssh]: Couldn't find message for key setting.usseExecServer.description.
2024-05-08 16:17:05.056 [warning] [remote-ssh]: Couldn't find message for key setting.usseExecServer.description.
2024-05-08 16:17:05.059 [warning] [remote-ssh]: Couldn't find message for key setting.usseExecServer.description.
2024-05-08 16:17:05.154 [warning] [remote-ssh]: Couldn't find message for key setting.usseExecServer.description.
2024-05-08 16:17:05.194 [warning] [remote-ssh]: Couldn't find message for key setting.usseExecServer.description.
2024-05-08 16:17:05.229 [warning] [remote-ssh]: Couldn't find message for key setting.usseExecServer.description.
2024-05-08 16:17:05.287 [warning] [remote-ssh]: Couldn't find message for key setting.usseExecServer.description.
2024-05-08 16:17:05.336 [warning] [remote-ssh]: Couldn't find message for key setting.usseExecServer.description.
2024-05-08 16:17:05.719 [info] Extension signature verification result for ms-python.vscode-pylance: Success. Duration: 788ms.
2024-05-08 16:17:07.097 [warning] [remote-ssh]: Couldn't find message for key setting.usseExecServer.description.
2024-05-08 16:17:07.191 [warning] [remote-ssh]: Couldn't find message for key setting.usseExecServer.description.
2024-05-08 16:17:07.194 [warning] [remote-ssh]: Couldn't find message for key setting.usseExecServer.description.
2024-05-08 16:17:07.835 [info] Extracted extension to file:///home/angel/.vscode/extensions/ms-python.vscode-pylance-2024.5.1: ms-python.vscode-pylance
2024-05-08 16:17:07.848 [info] Renamed to /home/angel/.vscode/extensions/ms-python.vscode-pylance-2024.5.1
2024-05-08 16:17:07.861 [info] Extracting extension completed. ms-python.vscode-pylance
2024-05-08 16:17:07.890 [info] Extension installed successfully: ms-python.vscode-pylance
2024-05-08 16:17:07.893 [info] Marked extension as uninstalled ms-python.vscode-pylance-2024.4.1
2024-05-08 16:17:07.964 [error] [uncaught exception in sharedProcess]: Error: ENOENT: no such file or directory, stat '/home/angel/.vscode/extensions/extensions.json.vsctmp': EntryNotFound (FileSystemError): Error: ENOENT: no such file or directory, stat '/home/angel/.vscode/extensions/extensions.json.vsctmp'
    at a.create (/usr/share/code/resources/app/out/vs/code/node/sharedProcess/sharedProcessMain.js:53:30019)
    at b (/usr/share/code/resources/app/out/vs/code/node/sharedProcess/sharedProcessMain.js:53:30130)
    at t.hb (/usr/share/code/resources/app/out/vs/code/node/sharedProcess/sharedProcessMain.js:58:36600)
    at t.stat (/usr/share/code/resources/app/out/vs/code/node/sharedProcess/sharedProcessMain.js:58:29040)
    at async $.stat (/usr/share/code/resources/app/out/vs/code/node/sharedProcess/sharedProcessMain.js:58:16186)
    at async J.sb (/usr/share/code/resources/app/out/vs/code/node/sharedProcess/sharedProcessMain.js:104:109501)
