2024-05-08 16:17:56.403 [info] Log level: Info
2024-05-08 16:17:56.403 [info] Validating found git in: "git"
2024-05-08 16:17:56.403 [info] Using git "2.45.0" from "git"
2024-05-08 16:18:05.002 [info] Log level: Info
2024-05-08 16:18:05.002 [info] Validating found git in: "git"
2024-05-08 16:18:05.002 [info] Using git "2.45.0" from "git"
2024-05-08 16:18:05.002 [info] > git rev-parse --show-toplevel [3ms]
2024-05-08 16:18:05.002 [info] fatal: not a git repository (or any parent up to mount point /)
Stopping at filesystem boundary (GIT_DISCOVERY_ACROSS_FILESYSTEM not set).
2024-05-08 16:18:05.003 [info] > git rev-parse --show-toplevel [2ms]
2024-05-08 16:18:05.003 [info] fatal: not a git repository (or any parent up to mount point /)
Stopping at filesystem boundary (GIT_DISCOVERY_ACROSS_FILESYSTEM not set).
2024-05-08 16:18:05.010 [info] > git rev-parse --show-toplevel [2ms]
2024-05-08 16:18:05.011 [info] fatal: not a git repository (or any parent up to mount point /)
Stopping at filesystem boundary (GIT_DISCOVERY_ACROSS_FILESYSTEM not set).
2024-05-08 16:18:05.050 [info] > git rev-parse --show-toplevel [35ms]
2024-05-08 16:18:05.050 [info] fatal: not a git repository (or any parent up to mount point /)
Stopping at filesystem boundary (GIT_DISCOVERY_ACROSS_FILESYSTEM not set).
2024-05-08 16:18:05.066 [info] > git rev-parse --show-toplevel [12ms]
2024-05-08 16:18:05.066 [info] fatal: not a git repository (or any parent up to mount point /)
Stopping at filesystem boundary (GIT_DISCOVERY_ACROSS_FILESYSTEM not set).
2024-05-08 16:18:05.092 [info] > git rev-parse --show-toplevel [3ms]
2024-05-08 16:18:05.092 [info] fatal: not a git repository (or any parent up to mount point /)
Stopping at filesystem boundary (GIT_DISCOVERY_ACROSS_FILESYSTEM not set).
2024-05-08 16:18:05.099 [info] > git rev-parse --show-toplevel [1ms]
2024-05-08 16:18:05.099 [info] fatal: not a git repository (or any parent up to mount point /)
Stopping at filesystem boundary (GIT_DISCOVERY_ACROSS_FILESYSTEM not set).
2024-05-08 16:18:05.104 [info] > git rev-parse --show-toplevel [2ms]
2024-05-08 16:18:05.104 [info] fatal: not a git repository (or any parent up to mount point /)
Stopping at filesystem boundary (GIT_DISCOVERY_ACROSS_FILESYSTEM not set).
2024-05-08 16:18:05.109 [info] > git rev-parse --show-toplevel [2ms]
2024-05-08 16:18:05.109 [info] fatal: not a git repository (or any parent up to mount point /)
Stopping at filesystem boundary (GIT_DISCOVERY_ACROSS_FILESYSTEM not set).
2024-05-08 16:18:05.114 [info] > git rev-parse --show-toplevel [1ms]
2024-05-08 16:18:05.114 [info] fatal: not a git repository (or any parent up to mount point /)
Stopping at filesystem boundary (GIT_DISCOVERY_ACROSS_FILESYSTEM not set).
2024-05-08 16:18:05.118 [info] > git rev-parse --show-toplevel [1ms]
2024-05-08 16:18:05.118 [info] fatal: not a git repository (or any parent up to mount point /)
Stopping at filesystem boundary (GIT_DISCOVERY_ACROSS_FILESYSTEM not set).
2024-05-08 16:18:05.122 [info] > git rev-parse --show-toplevel [1ms]
2024-05-08 16:18:05.123 [info] fatal: not a git repository (or any parent up to mount point /)
Stopping at filesystem boundary (GIT_DISCOVERY_ACROSS_FILESYSTEM not set).
2024-05-08 16:18:05.127 [info] > git rev-parse --show-toplevel [2ms]
2024-05-08 16:18:05.127 [info] fatal: not a git repository (or any parent up to mount point /)
Stopping at filesystem boundary (GIT_DISCOVERY_ACROSS_FILESYSTEM not set).
2024-05-08 16:18:10.408 [info] > git rev-parse --show-toplevel [1ms]
2024-05-08 16:18:10.408 [info] fatal: not a git repository (or any parent up to mount point /)
Stopping at filesystem boundary (GIT_DISCOVERY_ACROSS_FILESYSTEM not set).
2024-05-08 16:18:11.704 [info] > git rev-parse --show-toplevel [1ms]
2024-05-08 16:18:11.704 [info] fatal: not a git repository (or any parent up to mount point /)
Stopping at filesystem boundary (GIT_DISCOVERY_ACROSS_FILESYSTEM not set).
2024-05-08 16:18:12.409 [info] > git rev-parse --show-toplevel [1ms]
2024-05-08 16:18:12.410 [info] fatal: not a git repository (or any parent up to mount point /)
Stopping at filesystem boundary (GIT_DISCOVERY_ACROSS_FILESYSTEM not set).
2024-05-08 16:18:37.417 [info] > git rev-parse --show-toplevel [1ms]
2024-05-08 16:18:37.417 [info] fatal: not a git repository (or any parent up to mount point /)
Stopping at filesystem boundary (GIT_DISCOVERY_ACROSS_FILESYSTEM not set).
2024-05-08 16:18:42.478 [info] > git rev-parse --show-toplevel [1ms]
2024-05-08 16:18:42.479 [info] fatal: not a git repository (or any parent up to mount point /)
Stopping at filesystem boundary (GIT_DISCOVERY_ACROSS_FILESYSTEM not set).
2024-05-08 16:18:44.448 [info] > git rev-parse --show-toplevel [0ms]
2024-05-08 16:18:44.449 [info] fatal: not a git repository (or any parent up to mount point /)
Stopping at filesystem boundary (GIT_DISCOVERY_ACROSS_FILESYSTEM not set).
2024-05-08 16:18:45.233 [info] > git rev-parse --show-toplevel [2ms]
2024-05-08 16:18:45.233 [info] fatal: not a git repository (or any parent up to mount point /)
Stopping at filesystem boundary (GIT_DISCOVERY_ACROSS_FILESYSTEM not set).
2024-05-08 16:18:46.858 [info] > git rev-parse --show-toplevel [2ms]
2024-05-08 16:18:46.858 [info] fatal: not a git repository (or any parent up to mount point /)
Stopping at filesystem boundary (GIT_DISCOVERY_ACROSS_FILESYSTEM not set).
2024-05-08 16:18:46.871 [info] > git rev-parse --show-toplevel [1ms]
2024-05-08 16:18:46.871 [info] fatal: not a git repository (or any parent up to mount point /)
Stopping at filesystem boundary (GIT_DISCOVERY_ACROSS_FILESYSTEM not set).
2024-05-08 16:18:46.876 [info] > git rev-parse --show-toplevel [2ms]
2024-05-08 16:18:46.876 [info] fatal: not a git repository (or any parent up to mount point /)
Stopping at filesystem boundary (GIT_DISCOVERY_ACROSS_FILESYSTEM not set).
