2024-04-25 10:08:05.869 [info] (Client) Pylance async client (2024.4.1) started with python extension (2024.4.1)
2024-04-25 10:08:06.296 [info] [Info  - 10:08:06 AM] (173718) Pylance language server 2024.4.1 (pyright version 1.1.356, commit 6652c4a8) starting
2024-04-25 10:08:06.296 [info] [Info  - 10:08:06 AM] (173718) Server root directory: file:///home/angel/.vscode/extensions/ms-python.vscode-pylance-2024.4.1/dist
2024-04-25 10:08:06.300 [info] [Info  - 10:08:06 AM] (173718) Starting service instance "imperva reports"
2024-04-25 10:08:06.304 [info] [Info  - 10:08:06 AM] (173718) Starting service instance "mcdonalds report"
2024-04-25 10:08:06.305 [info] [Info  - 10:08:06 AM] (173718) Starting service instance "meshulam report"
2024-04-25 10:08:06.339 [info] [Info  - 10:08:06 AM] (173718) Setting pythonPath for service "imperva reports": "/bin/python"
2024-04-25 10:08:06.339 [info] [Info  - 10:08:06 AM] (173718) Setting environmentName for service "imperva reports": "3.12.2 (global)"
2024-04-25 10:08:06.371 [info] [Info  - 10:08:06 AM] (173718) Assuming Python version 3.12.2.final.0
2024-04-25 10:08:06.431 [info] [Info  - 10:08:06 AM] (173718) Found 1 source file
2024-04-25 10:08:06.436 [info] [Info  - 10:08:06 AM] (173718) Setting pythonPath for service "mcdonalds report": "/bin/python"
2024-04-25 10:08:06.436 [info] [Info  - 10:08:06 AM] (173718) Setting environmentName for service "mcdonalds report": "3.12.2 (global)"
2024-04-25 10:08:06.467 [info] [Info  - 10:08:06 AM] (173718) Assuming Python version 3.12.2.final.0
2024-04-25 10:08:06.515 [info] [Info  - 10:08:06 AM] (173718) Found 1 source file
2024-04-25 10:08:06.519 [info] [Info  - 10:08:06 AM] (173718) Setting pythonPath for service "meshulam report": "/bin/python"
2024-04-25 10:08:06.519 [info] [Info  - 10:08:06 AM] (173718) Setting environmentName for service "meshulam report": "3.12.2 (global)"
2024-04-25 10:08:06.545 [info] [Info  - 10:08:06 AM] (173718) Assuming Python version 3.12.2.final.0
2024-04-25 10:08:06.577 [info] [Info  - 10:08:06 AM] (173718) Found 1 source file
2024-04-25 10:08:06.768 [info] [Info  - 10:08:06 AM] (173718) Background analysis(3) root directory: file:///home/angel/.vscode/extensions/ms-python.vscode-pylance-2024.4.1/dist
2024-04-25 10:08:06.769 [info] [Info  - 10:08:06 AM] (173718) Background analysis(3) started
2024-04-25 10:08:06.872 [info] [Info  - 10:08:06 AM] (173718) Background analysis(2) root directory: file:///home/angel/.vscode/extensions/ms-python.vscode-pylance-2024.4.1/dist
2024-04-25 10:08:06.873 [info] [Info  - 10:08:06 AM] (173718) Background analysis(2) started
2024-04-25 10:08:06.898 [info] [Info  - 10:08:06 AM] (173718) Background analysis(1) root directory: file:///home/angel/.vscode/extensions/ms-python.vscode-pylance-2024.4.1/dist
2024-04-25 10:08:06.902 [info] [Info  - 10:08:06 AM] (173718) Background analysis(1) started
