2024-04-28 10:24:43.001 [info] Added views:workbench.panel.markers.view in workbench.panel.markers
2024-04-28 10:24:43.001 [info] Added views:workbench.panel.output in workbench.panel.output
2024-04-28 10:24:43.001 [info] Added views:terminal in terminal
2024-04-28 10:24:43.001 [info] Added views:outline in workbench.view.explorer
2024-04-28 10:24:43.001 [info] Added views:workbench.scm in workbench.view.scm
2024-04-28 10:24:43.001 [info] Added views:workbench.view.search in workbench.view.search
2024-04-28 10:24:43.001 [info] Added views:timeline in workbench.view.explorer
2024-04-28 10:24:43.001 [info] Added views:workbench.explorer.fileView in workbench.view.explorer
2024-04-28 10:24:43.117 [info] Added views:workbench.debug.welcome in workbench.view.debug
2024-04-28 10:24:43.340 [info] Added views:remoteTargets in workbench.view.remote
2024-04-28 10:24:43.706 [info] Added views:workbench.panel.repl.view in workbench.panel.repl
2024-04-28 10:24:43.876 [info] Added views:workbench.view.testing in workbench.view.extension.test
2024-04-28 10:24:44.128 [info] Added views:~remote.forwardedPorts in ~remote.forwardedPortsContainer
2024-04-28 10:25:27.432 [info] Added views:workbench.debug.breakPointsView in workbench.view.debug
2024-04-28 10:25:28.987 [info] Removed views:workbench.debug.welcome from workbench.view.debug
2024-04-28 10:25:28.987 [info] Added views:workbench.debug.variablesView,workbench.debug.watchExpressionsView,workbench.debug.callStackView in workbench.view.debug
2024-04-28 10:27:18.415 [info] Removed views:workbench.debug.callStackView,workbench.debug.watchExpressionsView,workbench.debug.variablesView from workbench.view.debug
2024-04-28 10:27:18.418 [info] Added views:workbench.debug.welcome in workbench.view.debug
2024-04-28 10:27:44.475 [info] Removed views:workbench.debug.welcome from workbench.view.debug
2024-04-28 10:27:44.475 [info] Added views:workbench.debug.variablesView,workbench.debug.watchExpressionsView,workbench.debug.callStackView in workbench.view.debug
2024-04-28 10:28:50.107 [info] Removed views:workbench.debug.callStackView,workbench.debug.watchExpressionsView,workbench.debug.variablesView from workbench.view.debug
2024-04-28 10:28:50.108 [info] Added views:workbench.debug.welcome in workbench.view.debug
2024-04-28 10:28:51.814 [info] Removed views:workbench.debug.welcome from workbench.view.debug
2024-04-28 10:28:51.814 [info] Added views:workbench.debug.variablesView,workbench.debug.watchExpressionsView,workbench.debug.callStackView in workbench.view.debug
2024-04-28 10:29:32.241 [info] Removed views:workbench.debug.callStackView,workbench.debug.watchExpressionsView,workbench.debug.variablesView from workbench.view.debug
2024-04-28 10:29:32.242 [info] Added views:workbench.debug.welcome in workbench.view.debug
2024-04-28 10:29:33.372 [info] Removed views:workbench.debug.welcome from workbench.view.debug
2024-04-28 10:29:33.373 [info] Added views:workbench.debug.variablesView,workbench.debug.watchExpressionsView,workbench.debug.callStackView in workbench.view.debug
2024-04-28 10:29:48.351 [info] Removed views:workbench.view.testing from workbench.view.extension.test
