2024-05-08 16:17:55.853 [info] Added views:workbench.panel.markers.view in workbench.panel.markers
2024-05-08 16:17:55.853 [info] Added views:workbench.panel.output in workbench.panel.output
2024-05-08 16:17:55.853 [info] Added views:terminal in terminal
2024-05-08 16:17:55.853 [info] Added views:outline in workbench.view.explorer
2024-05-08 16:17:55.853 [info] Added views:workbench.scm in workbench.view.scm
2024-05-08 16:17:55.853 [info] Added views:workbench.view.search in workbench.view.search
2024-05-08 16:17:55.853 [info] Added views:timeline in workbench.view.explorer
2024-05-08 16:17:55.853 [info] Added views:workbench.explorer.emptyView in workbench.view.explorer
2024-05-08 16:17:55.991 [info] Added views:workbench.debug.variablesView,workbench.debug.watchExpressionsView,workbench.debug.callStackView,workbench.debug.breakPointsView in workbench.view.debug
2024-05-08 16:17:56.115 [info] Added views:remoteTargets in workbench.view.remote
2024-05-08 16:17:56.315 [info] Added views:workbench.panel.repl.view in workbench.panel.repl
2024-05-08 16:17:56.316 [info] Removed views:workbench.debug.breakPointsView,workbench.debug.callStackView,workbench.debug.watchExpressionsView,workbench.debug.variablesView from workbench.view.debug
2024-05-08 16:17:56.317 [info] Added views:workbench.debug.welcome in workbench.view.debug
2024-05-08 16:17:56.656 [info] Added views:~remote.forwardedPorts in ~remote.forwardedPortsContainer
2024-05-08 16:18:04.491 [info] Added views:workbench.panel.markers.view in workbench.panel.markers
2024-05-08 16:18:04.491 [info] Added views:workbench.panel.output in workbench.panel.output
2024-05-08 16:18:04.491 [info] Added views:terminal in terminal
2024-05-08 16:18:04.491 [info] Added views:outline in workbench.view.explorer
2024-05-08 16:18:04.491 [info] Added views:workbench.scm in workbench.view.scm
2024-05-08 16:18:04.491 [info] Added views:workbench.view.search in workbench.view.search
2024-05-08 16:18:04.491 [info] Added views:timeline in workbench.view.explorer
2024-05-08 16:18:04.491 [info] Added views:workbench.explorer.fileView in workbench.view.explorer
2024-05-08 16:18:04.690 [info] Added views:remoteTargets in workbench.view.remote
2024-05-08 16:18:04.848 [info] Added views:workbench.debug.welcome in workbench.view.debug
2024-05-08 16:18:04.890 [info] Added views:workbench.panel.repl.view in workbench.panel.repl
2024-05-08 16:18:04.969 [info] Added views:~remote.forwardedPorts in ~remote.forwardedPortsContainer
