2024-04-24 11:12:56.189 [info] Log level: Info
2024-04-24 11:12:56.189 [info] Validating found git in: "git"
2024-04-24 11:12:56.189 [info] Using git "2.44.0" from "git"
2024-04-24 11:12:56.189 [info] > git rev-parse --show-toplevel [10ms]
2024-04-24 11:12:56.189 [info] fatal: not a git repository (or any parent up to mount point /)
Stopping at filesystem boundary (GIT_DISCOVERY_ACROSS_FILESYSTEM not set).
2024-04-24 11:12:56.189 [info] > git rev-parse --show-toplevel [31ms]
2024-04-24 11:12:56.189 [info] fatal: not a git repository (or any parent up to mount point /)
Stopping at filesystem boundary (GIT_DISCOVERY_ACROSS_FILESYSTEM not set).
2024-04-24 11:12:56.189 [info] > git rev-parse --show-toplevel [58ms]
2024-04-24 11:12:56.189 [info] fatal: not a git repository (or any parent up to mount point /)
Stopping at filesystem boundary (GIT_DISCOVERY_ACROSS_FILESYSTEM not set).
2024-04-24 11:12:56.236 [info] > git rev-parse --show-toplevel [32ms]
2024-04-24 11:12:56.236 [info] fatal: not a git repository (or any parent up to mount point /run/user/1000)
Stopping at filesystem boundary (GIT_DISCOVERY_ACROSS_FILESYSTEM not set).
2024-04-24 11:12:56.241 [info] > git rev-parse --show-toplevel [2ms]
2024-04-24 11:12:56.241 [info] fatal: not a git repository (or any parent up to mount point /)
Stopping at filesystem boundary (GIT_DISCOVERY_ACROSS_FILESYSTEM not set).
2024-04-24 11:12:56.247 [info] > git rev-parse --show-toplevel [1ms]
2024-04-24 11:12:56.247 [info] fatal: not a git repository (or any parent up to mount point /)
Stopping at filesystem boundary (GIT_DISCOVERY_ACROSS_FILESYSTEM not set).
2024-04-24 11:12:56.253 [info] > git rev-parse --show-toplevel [1ms]
2024-04-24 11:12:56.253 [info] fatal: not a git repository (or any parent up to mount point /)
Stopping at filesystem boundary (GIT_DISCOVERY_ACROSS_FILESYSTEM not set).
2024-04-24 11:12:56.258 [info] > git rev-parse --show-toplevel [1ms]
2024-04-24 11:12:56.258 [info] fatal: not a git repository (or any parent up to mount point /)
Stopping at filesystem boundary (GIT_DISCOVERY_ACROSS_FILESYSTEM not set).
2024-04-24 11:12:56.263 [info] > git rev-parse --show-toplevel [1ms]
2024-04-24 11:12:56.263 [info] fatal: not a git repository (or any parent up to mount point /)
Stopping at filesystem boundary (GIT_DISCOVERY_ACROSS_FILESYSTEM not set).
2024-04-24 11:12:56.267 [info] > git rev-parse --show-toplevel [1ms]
2024-04-24 11:12:56.267 [info] fatal: not a git repository (or any parent up to mount point /)
Stopping at filesystem boundary (GIT_DISCOVERY_ACROSS_FILESYSTEM not set).
2024-04-24 11:12:56.272 [info] > git rev-parse --show-toplevel [1ms]
2024-04-24 11:12:56.272 [info] fatal: not a git repository (or any parent up to mount point /)
Stopping at filesystem boundary (GIT_DISCOVERY_ACROSS_FILESYSTEM not set).
2024-04-24 11:12:56.306 [info] > git rev-parse --show-toplevel [1ms]
2024-04-24 11:12:56.306 [info] fatal: not a git repository (or any parent up to mount point /)
Stopping at filesystem boundary (GIT_DISCOVERY_ACROSS_FILESYSTEM not set).
2024-04-24 11:12:56.311 [info] > git rev-parse --show-toplevel [1ms]
2024-04-24 11:12:56.311 [info] fatal: not a git repository (or any parent up to mount point /)
Stopping at filesystem boundary (GIT_DISCOVERY_ACROSS_FILESYSTEM not set).
2024-04-24 11:12:56.316 [info] > git rev-parse --show-toplevel [1ms]
2024-04-24 11:12:56.317 [info] fatal: not a git repository (or any parent up to mount point /)
Stopping at filesystem boundary (GIT_DISCOVERY_ACROSS_FILESYSTEM not set).
2024-04-24 11:12:56.863 [info] > git rev-parse --show-toplevel [1ms]
2024-04-24 11:12:56.863 [info] fatal: not a git repository (or any parent up to mount point /)
Stopping at filesystem boundary (GIT_DISCOVERY_ACROSS_FILESYSTEM not set).
2024-04-24 11:12:56.868 [info] > git rev-parse --show-toplevel [2ms]
2024-04-24 11:12:56.868 [info] fatal: not a git repository (or any parent up to mount point /)
Stopping at filesystem boundary (GIT_DISCOVERY_ACROSS_FILESYSTEM not set).
2024-04-24 11:12:56.873 [info] > git rev-parse --show-toplevel [1ms]
2024-04-24 11:12:56.873 [info] fatal: not a git repository (or any parent up to mount point /)
Stopping at filesystem boundary (GIT_DISCOVERY_ACROSS_FILESYSTEM not set).
