2024-04-28 12:40:58.428 [info] Added views:workbench.panel.markers.view in workbench.panel.markers
2024-04-28 12:40:58.428 [info] Added views:workbench.panel.output in workbench.panel.output
2024-04-28 12:40:58.428 [info] Added views:terminal in terminal
2024-04-28 12:40:58.428 [info] Added views:outline in workbench.view.explorer
2024-04-28 12:40:58.428 [info] Added views:workbench.scm in workbench.view.scm
2024-04-28 12:40:58.428 [info] Added views:workbench.view.search in workbench.view.search
2024-04-28 12:40:58.428 [info] Added views:timeline in workbench.view.explorer
2024-04-28 12:40:58.428 [info] Added views:workbench.explorer.fileView in workbench.view.explorer
2024-04-28 12:40:58.563 [info] Added views:workbench.debug.variablesView,workbench.debug.watchExpressionsView,workbench.debug.callStackView,workbench.debug.breakPointsView in workbench.view.debug
2024-04-28 12:40:58.818 [info] Added views:remoteTargets in workbench.view.remote
2024-04-28 12:40:59.059 [info] Added views:workbench.panel.repl.view in workbench.panel.repl
2024-04-28 12:40:59.063 [info] Removed views:workbench.debug.breakPointsView,workbench.debug.callStackView,workbench.debug.watchExpressionsView,workbench.debug.variablesView from workbench.view.debug
2024-04-28 12:40:59.063 [info] Added views:workbench.debug.welcome in workbench.view.debug
2024-04-28 12:40:59.374 [info] Added views:workbench.view.testing in workbench.view.extension.test
2024-04-28 12:40:59.746 [info] Added views:~remote.forwardedPorts in ~remote.forwardedPortsContainer
2024-04-28 12:41:07.075 [info] Added views:workbench.debug.breakPointsView in workbench.view.debug
2024-04-28 12:41:08.441 [info] Removed views:workbench.debug.welcome from workbench.view.debug
2024-04-28 12:41:08.441 [info] Added views:workbench.debug.variablesView,workbench.debug.watchExpressionsView,workbench.debug.callStackView in workbench.view.debug
2024-04-28 12:42:58.260 [info] Removed views:workbench.debug.callStackView,workbench.debug.watchExpressionsView,workbench.debug.variablesView from workbench.view.debug
2024-04-28 12:42:58.261 [info] Added views:workbench.debug.welcome in workbench.view.debug
2024-04-28 12:48:25.471 [info] Removed views:workbench.debug.welcome from workbench.view.debug
2024-04-28 12:48:25.472 [info] Added views:workbench.debug.variablesView,workbench.debug.watchExpressionsView,workbench.debug.callStackView in workbench.view.debug
