2024-04-24 11:12:56.747 [info] (Client) Pylance async client (2024.4.1) started with python extension (2024.4.1)
2024-04-24 11:12:57.161 [info] [Info  - 11:12:57 AM] (38460) Pylance language server 2024.4.1 (pyright version 1.1.356, commit 6652c4a8) starting
2024-04-24 11:12:57.161 [info] [Info  - 11:12:57 AM] (38460) Server root directory: file:///home/angel/.vscode/extensions/ms-python.vscode-pylance-2024.4.1/dist
2024-04-24 11:12:57.165 [info] [Info  - 11:12:57 AM] (38460) Starting service instance "imperva reports"
2024-04-24 11:12:57.169 [info] [Info  - 11:12:57 AM] (38460) Starting service instance "mcdonalds report"
2024-04-24 11:12:57.170 [info] [Info  - 11:12:57 AM] (38460) Starting service instance "meshulam report"
2024-04-24 11:12:57.206 [info] [Info  - 11:12:57 AM] (38460) Setting pythonPath for service "imperva reports": "/bin/python"
2024-04-24 11:12:57.206 [info] [Info  - 11:12:57 AM] (38460) Setting environmentName for service "imperva reports": "3.12.2 (global)"
2024-04-24 11:12:57.241 [info] [Info  - 11:12:57 AM] (38460) Assuming Python version 3.12.2.final.0
2024-04-24 11:12:57.301 [info] [Info  - 11:12:57 AM] (38460) Found 1 source file
2024-04-24 11:12:57.306 [info] [Info  - 11:12:57 AM] (38460) Setting pythonPath for service "mcdonalds report": "/bin/python"
2024-04-24 11:12:57.306 [info] [Info  - 11:12:57 AM] (38460) Setting environmentName for service "mcdonalds report": "3.12.2 (global)"
2024-04-24 11:12:57.336 [info] [Info  - 11:12:57 AM] (38460) Assuming Python version 3.12.2.final.0
2024-04-24 11:12:57.386 [info] [Info  - 11:12:57 AM] (38460) Found 1 source file
2024-04-24 11:12:57.391 [info] [Info  - 11:12:57 AM] (38460) Setting pythonPath for service "meshulam report": "/bin/python"
2024-04-24 11:12:57.391 [info] [Info  - 11:12:57 AM] (38460) Setting environmentName for service "meshulam report": "3.12.2 (global)"
2024-04-24 11:12:57.422 [info] [Info  - 11:12:57 AM] (38460) Assuming Python version 3.12.2.final.0
2024-04-24 11:12:57.464 [info] [Info  - 11:12:57 AM] (38460) Found 1 source file
2024-04-24 11:12:57.654 [info] [Info  - 11:12:57 AM] (38460) Background analysis(1) root directory: file:///home/angel/.vscode/extensions/ms-python.vscode-pylance-2024.4.1/dist
2024-04-24 11:12:57.657 [info] [Info  - 11:12:57 AM] (38460) Background analysis(1) started
