2024-04-28 10:24:44.509 [info] Log level: Info
2024-04-28 10:24:44.509 [info] Validating found git in: "git"
2024-04-28 10:24:44.509 [info] Using git "2.44.0" from "git"
2024-04-28 10:24:44.509 [info] > git rev-parse --show-toplevel [4ms]
2024-04-28 10:24:44.509 [info] fatal: not a git repository (or any parent up to mount point /)
Stopping at filesystem boundary (GIT_DISCOVERY_ACROSS_FILESYSTEM not set).
2024-04-28 10:24:44.509 [info] > git rev-parse --show-toplevel [2ms]
2024-04-28 10:24:44.509 [info] fatal: not a git repository (or any parent up to mount point /)
Stopping at filesystem boundary (GIT_DISCOVERY_ACROSS_FILESYSTEM not set).
2024-04-28 10:24:44.510 [info] > git rev-parse --show-toplevel [2ms]
2024-04-28 10:24:44.510 [info] fatal: not a git repository (or any parent up to mount point /)
Stopping at filesystem boundary (GIT_DISCOVERY_ACROSS_FILESYSTEM not set).
2024-04-28 10:24:44.513 [info] > git rev-parse --show-toplevel [1ms]
2024-04-28 10:24:44.513 [info] fatal: not a git repository (or any parent up to mount point /)
Stopping at filesystem boundary (GIT_DISCOVERY_ACROSS_FILESYSTEM not set).
2024-04-28 10:24:44.517 [info] > git rev-parse --show-toplevel [1ms]
2024-04-28 10:24:44.517 [info] fatal: not a git repository (or any parent up to mount point /)
Stopping at filesystem boundary (GIT_DISCOVERY_ACROSS_FILESYSTEM not set).
2024-04-28 10:24:45.081 [info] > git rev-parse --show-toplevel [14ms]
2024-04-28 10:24:45.081 [info] fatal: not a git repository (or any parent up to mount point /)
Stopping at filesystem boundary (GIT_DISCOVERY_ACROSS_FILESYSTEM not set).
2024-04-28 10:24:45.087 [info] > git rev-parse --show-toplevel [1ms]
2024-04-28 10:24:45.087 [info] fatal: not a git repository (or any parent up to mount point /)
Stopping at filesystem boundary (GIT_DISCOVERY_ACROSS_FILESYSTEM not set).
2024-04-28 10:24:45.093 [info] > git rev-parse --show-toplevel [1ms]
2024-04-28 10:24:45.093 [info] fatal: not a git repository (or any parent up to mount point /)
Stopping at filesystem boundary (GIT_DISCOVERY_ACROSS_FILESYSTEM not set).
