2024-04-28 08:50:53.978 [info] Added views:workbench.panel.markers.view in workbench.panel.markers
2024-04-28 08:50:53.978 [info] Added views:workbench.panel.output in workbench.panel.output
2024-04-28 08:50:53.978 [info] Added views:terminal in terminal
2024-04-28 08:50:53.978 [info] Added views:outline in workbench.view.explorer
2024-04-28 08:50:53.978 [info] Added views:workbench.scm in workbench.view.scm
2024-04-28 08:50:53.978 [info] Added views:workbench.view.search in workbench.view.search
2024-04-28 08:50:53.978 [info] Added views:timeline in workbench.view.explorer
2024-04-28 08:50:53.978 [info] Added views:workbench.explorer.emptyView in workbench.view.explorer
2024-04-28 08:50:54.175 [info] Added views:remoteTargets in workbench.view.remote
2024-04-28 08:50:54.326 [info] Added views:workbench.debug.variablesView,workbench.debug.watchExpressionsView,workbench.debug.callStackView,workbench.debug.breakPointsView in workbench.view.debug
2024-04-28 08:50:54.342 [info] Added views:workbench.panel.repl.view in workbench.panel.repl
2024-04-28 08:50:54.343 [info] Removed views:workbench.debug.breakPointsView,workbench.debug.callStackView,workbench.debug.watchExpressionsView,workbench.debug.variablesView from workbench.view.debug
2024-04-28 08:50:54.343 [info] Added views:workbench.debug.welcome in workbench.view.debug
2024-04-28 08:50:54.526 [info] Added views:~remote.forwardedPorts in ~remote.forwardedPortsContainer
2024-04-28 08:51:00.111 [info] Added views:workbench.panel.markers.view in workbench.panel.markers
2024-04-28 08:51:00.111 [info] Added views:workbench.panel.output in workbench.panel.output
2024-04-28 08:51:00.111 [info] Added views:terminal in terminal
2024-04-28 08:51:00.111 [info] Added views:outline in workbench.view.explorer
2024-04-28 08:51:00.111 [info] Added views:workbench.scm in workbench.view.scm
2024-04-28 08:51:00.111 [info] Added views:workbench.view.search in workbench.view.search
2024-04-28 08:51:00.111 [info] Added views:timeline in workbench.view.explorer
2024-04-28 08:51:00.111 [info] Added views:workbench.explorer.fileView in workbench.view.explorer
2024-04-28 08:51:00.257 [info] Added views:workbench.debug.welcome in workbench.view.debug
2024-04-28 08:51:00.431 [info] Added views:remoteTargets in workbench.view.remote
2024-04-28 08:51:00.632 [info] Added views:workbench.panel.repl.view in workbench.panel.repl
2024-04-28 08:51:00.890 [info] Added views:workbench.view.testing in workbench.view.extension.test
2024-04-28 08:51:01.251 [info] Added views:~remote.forwardedPorts in ~remote.forwardedPortsContainer
2024-04-28 08:51:09.391 [info] Added views:workbench.debug.breakPointsView in workbench.view.debug
2024-04-28 08:51:12.536 [info] Removed views:workbench.debug.welcome from workbench.view.debug
2024-04-28 08:51:12.538 [info] Added views:workbench.debug.variablesView,workbench.debug.watchExpressionsView,workbench.debug.callStackView in workbench.view.debug
2024-04-28 08:52:56.686 [info] Removed views:workbench.debug.callStackView,workbench.debug.watchExpressionsView,workbench.debug.variablesView from workbench.view.debug
2024-04-28 08:52:56.688 [info] Added views:workbench.debug.welcome in workbench.view.debug
